0 13.0
1 13.0
2 13.0
3 13.0
4 13.0
5 13.0
6 13.0
7 13.0
8 13.0
9 13.0
10 13.0
11 13.0
12 13.0
13 13.0
14 13.0
15 13.0
16 13.0
17 13.0
18 13.0
19 13.0
20 13.0
21 13.0
22 13.0
23 13.0
24 13.0
25 13.0
26 13.0
27 13.0
28 13.0
29 13.0
30 13.0
31 13.0
32 13.0
33 13.0
34 13.0
35 13.0
36 13.0
37 13.0
38 13.0
39 13.0
40 13.0
41 13.0
42 13.0
43 13.0
44 13.0
45 13.0
46 13.0
47 13.0
48 13.0
49 13.0
50 13.0
51 13.0
52 13.0
53 13.0
54 13.0
55 13.0
56 13.0
57 13.0
58 13.0
59 13.0
60 13.0
61 13.0
62 13.0
63 13.0
64 13.0
65 13.0
66 13.0
67 13.0
68 13.0
69 13.0
70 13.0
71 13.0
72 13.0
73 13.0
74 13.0
75 13.0
76 13.0
77 13.0
78 13.0
79 13.0
80 13.0
81 13.0
82 13.0
83 13.0
84 13.0
85 13.0
86 13.0
87 13.0
88 13.0
89 13.0
90 13.0
91 13.0
92 13.0
93 13.0
94 13.0
95 13.0
96 13.0
97 13.0
98 13.0
99 13.0
100 13.0
101 13.0
102 13.0
103 13.0
104 13.0
105 13.0
106 13.0
107 13.0
108 13.0
109 13.0
110 13.0
111 13.0
112 13.0
113 13.0
114 13.0
115 13.0
116 13.0
117 13.0
118 13.0
119 13.0
120 13.0
121 13.0
122 13.0
123 13.0
124 13.0
125 13.0
126 13.0
127 13.0
128 13.0
129 13.0
130 13.0
131 13.0
132 13.0
133 13.0
134 13.0
135 13.0
136 13.0
137 13.0
138 13.0
139 13.0
140 13.0
141 13.0
142 13.0
143 13.0
144 13.0
145 13.0
146 13.0
147 13.0
148 13.0
149 13.0
150 13.0
151 13.0
152 13.0
153 13.0
154 13.0
155 13.0
156 13.0
157 13.0
158 13.0
159 13.0
160 13.0
161 13.0
162 13.0
163 13.0
164 13.0
165 13.0
166 13.0
167 13.0
168 13.0
169 13.0
170 13.0
171 13.0
172 13.0
173 13.0
174 13.0
175 13.0
176 13.0
177 13.0
178 13.0
179 13.0
180 13.0
181 13.0
182 13.0
183 13.0
184 13.0
185 13.0
186 13.0
187 13.0
188 13.0
189 13.0
190 13.0
191 13.0
192 13.0
193 13.0
194 13.0
195 13.0
196 13.0
197 13.0
198 13.0
199 13.0
200 13.0
201 13.0
202 13.0
203 13.0
204 13.0
205 13.0
206 13.0
207 13.0
208 13.0
209 13.0
210 13.0
211 13.0
212 13.0
213 13.0
214 13.0
215 13.0
216 13.0
217 13.0
218 13.0
219 13.0
220 13.0
221 13.0
222 13.0
223 13.0
224 13.0
225 13.0
226 13.0
227 13.0
228 13.0
229 13.0
230 13.0
231 13.0
232 13.0
233 13.0
234 13.0
235 13.0
236 13.0
237 13.0
238 13.0
239 13.0
240 13.0
241 13.0
242 13.0
243 13.0
244 13.0
245 13.0
246 13.0
247 13.0
248 13.0
249 13.0
250 13.0
251 13.0
252 13.0
253 13.0
254 13.0
255 13.0
256 13.0
257 13.0
258 13.0
259 13.0
260 13.0
261 13.0
262 13.0
263 13.0
264 13.0
265 13.0
266 13.0
267 13.0
268 13.0
269 13.0
270 13.0
271 13.0
272 13.0
273 13.0
274 13.0
275 13.0
276 13.0
277 13.0
278 13.0
279 13.0
280 13.0
281 13.0
282 13.0
283 13.0
284 13.0
285 13.0
286 13.0
287 13.0
288 13.0
289 13.0
290 13.0
291 13.0
292 13.0
293 13.0
294 13.0
295 13.0
296 13.0
297 13.0
298 13.0
299 13.0
300 13.0
301 13.0
302 13.0
303 13.0
304 13.0
305 13.0
306 13.0
307 13.0
308 13.0
309 13.0
310 13.0
311 13.0
312 13.0
313 13.0
314 13.0
315 13.0
316 13.0
317 13.0
318 13.0
319 13.0
320 13.0
321 13.0
322 13.0
323 13.0
324 13.0
325 13.0
326 13.0
327 13.0
328 13.0
329 13.0
330 13.0
331 13.0
332 13.0
333 13.0
334 13.0
335 13.0
336 13.0
337 13.0
338 13.0
339 13.0
340 13.0
341 13.0
342 13.0
343 13.0
344 13.0
345 13.0
346 13.0
347 13.0
348 13.0
349 13.0
350 13.0
351 13.0
352 13.0
353 13.0
354 13.0
355 13.0
356 13.0
357 13.0
358 13.0
359 13.0
360 13.0
361 13.0
362 13.0
363 13.0
364 13.0
365 13.0
366 13.0
367 13.0
368 13.0
369 13.0
370 13.0
371 13.0
372 13.0
373 13.0
374 13.0
375 13.0
376 13.0
377 13.0
378 13.0
379 13.0
380 13.0
381 13.0
382 13.0
383 13.0
384 13.0
385 13.0
386 13.0
387 13.0
388 13.0
389 13.0
390 13.0
391 13.0
392 13.0
393 13.0
394 13.0
395 13.0
396 13.0
397 13.0
398 13.0
399 13.0
400 13.0
401 13.0
402 13.0
403 13.0
404 13.0
405 13.0
406 13.0
407 13.0
408 13.0
409 13.0
410 13.0
411 13.0
412 13.0
413 13.0
414 13.0
415 13.0
416 13.0
417 13.0
418 13.0
419 13.0
420 13.0
421 13.0
422 13.0
423 13.0
424 13.0
425 13.0
426 13.0
427 13.0
428 13.0
429 13.0
430 13.0
431 13.0
432 13.0
433 13.0
434 13.0
435 13.0
436 13.0
437 13.0
438 13.0
439 13.0
440 13.0
441 13.0
442 13.0
443 13.0
444 13.0
445 13.0
446 13.0
447 13.0
448 13.0
449 13.0
450 13.0
451 13.0
452 13.0
453 13.0
454 13.0
455 13.0
456 13.0
457 13.0
458 13.0
459 13.0
460 13.0
461 13.0
462 13.0
463 13.0
464 13.0
465 13.0
466 13.0
467 13.0
468 13.0
469 13.0
470 13.0
471 13.0
472 13.0
473 13.0
474 13.0
475 13.0
476 13.0
477 13.0
478 13.0
479 13.0
480 13.0
481 13.0
482 13.0
483 13.0
484 13.0
485 13.0
486 13.0
487 13.0
488 13.0
489 13.0
490 13.0
491 13.0
492 13.0
493 13.0
494 13.0
495 13.0
496 13.0
497 13.0
498 13.0
499 13.0
500 13.0
501 13.0
502 13.0
503 13.0
504 13.0
505 13.0
506 13.0
507 13.0
508 13.0
509 13.0
510 13.0
511 13.0
512 13.0
513 13.0
514 13.0
515 13.0
516 13.0
517 13.0
518 13.0
519 13.0
520 13.0
521 13.0
522 13.0
523 13.0
524 13.0
525 13.0
526 13.0
527 13.0
528 13.0
529 13.0
530 13.0
531 13.0
532 13.0
533 13.0
534 13.0
535 13.0
536 13.0
537 13.0
538 13.0
539 13.0
540 13.0
541 13.0
542 13.0
543 13.0
544 13.0
545 13.0
546 13.0
547 13.0
548 13.0
549 13.0
550 13.0
551 13.0
552 13.0
553 13.0
554 13.0
555 13.0
556 13.0
557 13.0
558 13.0
559 13.0
560 13.0
561 13.0
562 13.0
563 13.0
564 13.0
565 13.0
566 13.0
567 13.0
568 13.0
569 13.0
570 13.0
571 13.0
572 13.0
573 13.0
574 13.0
575 13.0
576 13.0
577 13.0
578 13.0
579 13.0
580 13.0
581 13.0
582 13.0
583 13.0
584 13.0
585 13.0
586 13.0
587 13.0
588 13.0
589 13.0
590 13.0
591 13.0
592 13.0
593 13.0
594 13.0
595 13.0
596 13.0
597 13.0
598 13.0
599 13.0
600 13.0
601 13.0
602 13.0
603 13.0
604 13.0
605 13.0
606 13.0
607 13.0
608 13.0
609 13.0
610 13.0
611 13.0
612 13.0
613 13.0
614 13.0
615 13.0
616 13.0
617 13.0
618 13.0
619 13.0
620 13.0
621 13.0
622 13.0
623 13.0
624 13.0
625 13.0
626 13.0
627 13.0
628 13.0
629 13.0
630 13.0
631 13.0
632 13.0
633 13.0
634 13.0
635 13.0
636 13.0
637 13.0
638 13.0
639 13.0
640 13.0
641 13.0
642 13.0
643 13.0
644 13.0
645 13.0
646 13.0
647 13.0
648 13.0
649 13.0
650 13.0
651 13.0
652 13.0
653 13.0
654 13.0
655 13.0
656 13.0
657 13.0
658 13.0
659 13.0
660 13.0
661 13.0
662 13.0
663 13.0
664 13.0
665 13.0
666 13.0
667 13.0
668 13.0
669 13.0
670 13.0
671 13.0
672 13.0
673 13.0
674 13.0
675 13.0
676 13.0
677 13.0
678 13.0
679 13.0
680 13.0
681 13.0
682 13.0
683 13.0
684 13.0
685 13.0
686 13.0
687 13.0
688 13.0
689 13.0
690 13.0
691 13.0
692 13.0
693 13.0
694 13.0
695 13.0
696 13.0
697 13.0
698 13.0
699 13.0
700 13.0
701 13.0
702 13.0
703 13.0
704 13.0
705 13.0
706 13.0
707 13.0
708 13.0
709 13.0
710 13.0
711 13.0
712 13.0
713 13.0
714 13.0
715 13.0
716 13.0
717 13.0
718 13.0
719 13.0
720 13.0
721 13.0
722 13.0
723 13.0
724 13.0
725 13.0
726 13.0
727 13.0
728 13.0
729 13.0
730 13.0
731 13.0
732 13.0
733 13.0
734 13.0
735 13.0
736 13.0
737 13.0
738 13.0
739 13.0
740 13.0
741 13.0
742 13.0
743 13.0
744 13.0
745 13.0
746 13.0
747 13.0
748 13.0
749 13.0
750 13.0
751 13.0
752 13.0
753 13.0
754 13.0
755 13.0
756 13.0
757 13.0
758 13.0
759 13.0
760 13.0
761 13.0
762 13.0
763 13.0
764 13.0
765 13.0
766 13.0
767 13.0
768 13.0
769 13.0
770 13.0
771 13.0
772 13.0
773 13.0
774 13.0
775 13.0
776 13.0
777 13.0
778 13.0
779 13.0
780 13.0
781 13.0
782 13.0
783 13.0
784 13.0
785 13.0
786 13.0
787 13.0
788 13.0
789 13.0
790 13.0
791 13.0
792 13.0
793 13.0
794 13.0
795 13.0
796 13.0
797 13.0
798 13.0
799 13.0
800 13.0
801 13.0
802 13.0
803 13.0
804 13.0
805 13.0
806 13.0
807 13.0
808 13.0
809 13.0
810 13.0
811 13.0
812 13.0
813 13.0
814 13.0
815 13.0
816 13.0
817 13.0
818 13.0
819 13.0
820 13.0
821 13.0
822 13.0
823 13.0
824 13.0
825 13.0
826 13.0
827 13.0
828 13.0
829 13.0
830 13.0
831 13.0
832 13.0
833 13.0
834 13.0
835 13.0
836 13.0
837 13.0
838 13.0
839 13.0
840 13.0
841 13.0
842 13.0
843 13.0
844 13.0
845 13.0
846 13.0
847 13.0
848 13.0
849 13.0
850 13.0
851 13.0
852 13.0
853 13.0
854 13.0
855 13.0
856 13.0
857 13.0
858 13.0
859 13.0
860 13.0
861 13.0
862 13.0
863 13.0
864 13.0
865 13.0
866 13.0
867 13.0
868 13.0
869 13.0
870 13.0
871 13.0
872 13.0
873 13.0
874 13.0
875 13.0
876 13.0
877 13.0
878 13.0
879 13.0
880 13.0
881 13.0
882 13.0
883 13.0
884 13.0
885 13.0
886 13.0
887 13.0
888 13.0
889 13.0
890 13.0
891 13.0
892 13.0
893 13.0
894 13.0
895 13.0
896 13.0
897 13.0
898 13.0
899 13.0
900 13.0
901 13.0
902 13.0
903 13.0
904 13.0
905 13.0
906 13.0
907 13.0
908 13.0
909 13.0
910 13.0
911 13.0
912 13.0
913 13.0
914 13.0
915 13.0
916 13.0
917 13.0
918 13.0
919 13.0
920 13.0
921 13.0
922 13.0
923 13.0
924 13.0
925 13.0
926 13.0
927 13.0
928 13.0
929 13.0
930 13.0
931 13.0
932 13.0
933 13.0
934 13.0
935 13.0
936 13.0
937 13.0
938 13.0
939 13.0
940 13.0
941 13.0
942 13.0
943 13.0
944 13.0
945 13.0
946 13.0
947 13.0
948 13.0
949 13.0
950 13.0
951 13.0
952 13.0
953 13.0
954 13.0
955 13.0
956 13.0
957 13.0
958 13.0
959 13.0
960 13.0
961 13.0
962 13.0
963 13.0
964 13.0
965 13.0
966 13.0
967 13.0
968 13.0
969 13.0
970 13.0
971 13.0
972 13.0
973 13.0
974 13.0
975 13.0
976 13.0
977 13.0
978 13.0
979 13.0
980 13.0
981 13.0
982 13.0
983 13.0
984 13.0
985 13.0
986 13.0
987 13.0
988 13.0
989 13.0
990 13.0
991 13.0
992 13.0
993 13.0
994 13.0
995 13.0
996 13.0
997 13.0
998 13.0
999 13.0