0 13.0
1 13.0
2 13.0
3 13.0
4 13.0
5 13.0
6 13.0
7 13.0
8 13.0
9 14.444444444444445
10 14.3
11 14.181818181818182
12 14.083333333333334
13 14.0
14 13.928571428571429
15 13.866666666666667
16 13.8125
17 13.764705882352942
18 13.722222222222221
19 13.68421052631579
20 13.65
21 13.619047619047619
22 13.590909090909092
23 13.565217391304348
24 13.541666666666666
25 13.52
26 13.5
27 13.481481481481481
28 13.464285714285714
29 13.448275862068966
30 13.433333333333334
31 13.419354838709678
32 13.40625
33 13.393939393939394
34 13.382352941176471
35 13.371428571428572
36 13.36111111111111
37 13.35135135135135
38 13.342105263157896
39 13.333333333333334
40 13.325
41 13.317073170731707
42 13.30952380952381
43 13.30232558139535
44 13.295454545454545
45 13.28888888888889
46 13.282608695652174
47 13.27659574468085
48 13.270833333333334
49 13.26530612244898
50 13.26
51 13.254901960784315
52 13.25
53 13.245283018867925
54 13.24074074074074
55 13.236363636363636
56 13.232142857142858
57 13.228070175438596
58 13.224137931034482
59 13.220338983050848
60 13.216666666666667
61 13.21311475409836
62 13.209677419354838
63 13.206349206349206
64 13.203125
65 13.2
66 13.196969696969697
67 13.194029850746269
68 13.191176470588236
69 13.18840579710145
70 13.185714285714285
71 13.183098591549296
72 13.180555555555555
73 13.178082191780822
74 13.175675675675675
75 13.173333333333334
76 13.171052631578947
77 13.168831168831169
78 13.166666666666666
79 13.164556962025317
80 13.1625
81 13.160493827160494
82 13.158536585365853
83 13.156626506024097
84 13.154761904761905
85 13.152941176470588
86 13.151162790697674
87 13.149425287356323
88 13.147727272727273
89 13.146067415730338
90 13.144444444444444
91 13.142857142857142
92 13.141304347826088
93 13.13978494623656
94 13.138297872340425
95 13.136842105263158
96 13.135416666666666
97 13.1340206185567
98 13.13265306122449
99 13.131313131313131
100 13.13
101 13.128712871287128
102 13.127450980392156
103 13.12621359223301
104 13.125
105 13.123809523809523
106 13.122641509433961
107 13.121495327102803
108 13.12037037037037
109 13.119266055045872
110 13.118181818181819
111 13.117117117117116
112 13.116071428571429
113 13.11504424778761
114 13.114035087719298
115 13.11304347826087
116 13.112068965517242
117 13.11111111111111
118 13.110169491525424
119 13.109243697478991
120 13.108333333333333
121 13.107438016528926
122 13.10655737704918
123 13.105691056910569
124 13.10483870967742
125 13.104
126 13.103174603174603
127 13.10236220472441
128 13.1015625
129 13.10077519379845
130 13.1
131 13.099236641221374
132 13.098484848484848
133 13.097744360902256
134 13.097014925373134
135 13.096296296296297
136 13.095588235294118
137 13.18978102189781
138 13.18840579710145
139 13.18705035971223
140 13.185714285714285
141 13.184397163120567
142 13.183098591549296
143 13.181818181818182
144 13.180555555555555
145 13.179310344827586
146 13.178082191780822
147 13.17687074829932
148 13.175675675675675
149 13.174496644295303
150 13.173333333333334
151 13.172185430463577
152 13.171052631578947
153 13.169934640522875
154 13.253246753246753
155 13.251612903225807
156 13.25
157 13.248407643312103
158 13.246835443037975
159 13.245283018867925
160 13.24375
161 13.24223602484472
162 13.24074074074074
163 13.239263803680982
164 13.237804878048781
165 13.236363636363636
166 13.234939759036145
167 13.233532934131736
168 13.232142857142858
169 13.23076923076923
170 13.229411764705882
171 13.228070175438596
172 13.226744186046512
173 13.22543352601156
174 13.224137931034482
175 13.222857142857142
176 13.221590909090908
177 13.220338983050848
178 13.219101123595506
179 13.217877094972067
180 13.216666666666667
181 13.215469613259668
182 13.214285714285714
183 13.21311475409836
184 13.21195652173913
185 13.21081081081081
186 13.209677419354838
187 13.20855614973262
188 13.207446808510639
189 13.206349206349206
190 13.205263157894738
191 13.204188481675393
192 13.203125
193 13.202072538860104
194 13.20103092783505
195 13.2
196 13.198979591836734
197 13.197969543147208
198 13.196969696969697
199 13.195979899497488
200 13.195
201 13.194029850746269
202 13.193069306930694
203 13.192118226600986
204 13.191176470588236
205 13.190243902439024
206 13.189320388349515
207 13.18840579710145
208 13.1875
209 13.186602870813397
210 13.185714285714285
211 13.184834123222748
212 13.183962264150944
213 13.183098591549296
214 13.182242990654206
215 13.18139534883721
216 13.180555555555555
217 13.179723502304148
218 13.178899082568808
219 13.178082191780822
220 13.177272727272728
221 13.176470588235293
222 13.175675675675675
223 13.174887892376681
224 13.174107142857142
225 13.173333333333334
226 13.172566371681416
227 13.17180616740088
228 13.171052631578947
229 13.170305676855895
230 13.169565217391304
231 13.168831168831169
232 13.168103448275861
233 13.167381974248928
234 13.166666666666666
235 13.16595744680851
236 13.165254237288135
237 13.164556962025317
238 13.163865546218487
239 13.163179916317992
240 13.1625
241 13.161825726141078
242 13.161157024793388
243 13.160493827160494
244 13.15983606557377
245 13.159183673469387
246 13.158536585365853
247 13.157894736842104
248 13.15725806451613
249 13.156626506024097
250 13.156
251 13.155378486055778
252 13.154761904761905
253 13.154150197628459
254 13.153543307086615
255 13.152941176470588
256 13.15234375
257 13.151750972762645
258 13.151162790697674
259 13.150579150579151
260 13.15
261 13.149425287356323
262 13.148854961832061
263 13.14828897338403
264 13.147727272727273
265 13.147169811320754
266 13.146616541353383
267 13.146067415730338
268 13.145522388059701
269 13.144981412639405
270 13.144444444444444
271 13.14391143911439
272 13.143382352941176
273 13.142857142857142
274 13.142335766423358
275 13.141818181818183
276 13.141304347826088
277 13.140794223826715
278 13.140287769784173
279 13.13978494623656
280 13.139285714285714
281 13.138790035587188
282 13.138297872340425
283 13.137809187279151
284 13.137323943661972
285 13.136842105263158
286 13.136363636363637
287 13.13588850174216
288 13.135416666666666
289 13.134948096885813
290 13.13448275862069
291 13.1340206185567
292 13.133561643835616
293 13.133105802047782
294 13.13265306122449
295 13.132203389830508
296 13.131756756756756
297 13.131313131313131
298 13.130872483221477
299 13.130434782608695
300 13.13
301 13.129568106312293
302 13.129139072847682
303 13.128712871287128
304 13.12828947368421
305 13.127868852459017
306 13.127450980392156
307 13.127035830618892
308 13.126623376623376
309 13.12621359223301
310 13.125806451612902
311 13.12540192926045
312 13.125
313 13.124600638977636
314 13.124203821656051
315 13.123809523809523
316 13.123417721518987
317 13.123028391167193
318 13.122641509433961
319 13.122257053291536
320 13.121875
321 13.121495327102803
322 13.121118012422361
323 13.120743034055728
324 13.12037037037037
325 13.12
326 13.11963190184049
327 13.119266055045872
328 13.11890243902439
329 13.118541033434651
330 13.118181818181819
331 13.117824773413897
332 13.117469879518072
333 13.117117117117116
334 13.116766467065869
335 13.116417910447762
336 13.116071428571429
337 13.11572700296736
338 13.115384615384615
339 13.11504424778761
340 13.114705882352942
341 13.114369501466276
342 13.152046783625732
343 13.151603498542274
344 13.151162790697674
345 13.18840579710145
346 13.1878612716763
347 13.187319884726225
348 13.186781609195402
349 13.18624641833811
350 13.185714285714285
351 13.185185185185185
352 13.184659090909092
353 13.18413597733711
354 13.18361581920904
355 13.183098591549296
356 13.182584269662922
357 13.182072829131652
358 13.181564245810057
359 13.181058495821727
360 13.180555555555555
361 13.18005540166205
362 13.179558011049723
363 13.179063360881543
364 13.178571428571429
365 13.178082191780822
366 13.1775956284153
367 13.177111716621253
368 13.17663043478261
369 13.176151761517616
370 13.175675675675675
371 13.175202156334231
372 13.174731182795698
373 13.17426273458445
374 13.17379679144385
375 13.173333333333334
376 13.172872340425531
377 13.172413793103448
378 13.171957671957673
379 13.17150395778364
380 13.171052631578947
381 13.170603674540683
382 13.170157068062828
383 13.169712793733682
384 13.169270833333334
385 13.168831168831169
386 13.16839378238342
387 13.2015503875969
388 13.20103092783505
389 13.20051413881748
390 13.2
391 13.199488491048593
392 13.198979591836734
393 13.198473282442748
394 13.197969543147208
395 13.197468354430379
396 13.196969696969697
397 13.229219143576826
398 13.228643216080402
399 13.228070175438596
400 13.2275
401 13.226932668329177
402 13.22636815920398
403 13.225806451612904
404 13.225247524752476
405 13.22469135802469
406 13.224137931034482
407 13.223587223587224
408 13.223039215686274
409 13.254278728606357
410 13.253658536585366
411 13.253041362530414
412 13.25242718446602
413 13.25181598062954
414 13.251207729468598
415 13.250602409638555
416 13.25
417 13.249400479616307
418 13.248803827751196
419 13.24821002386635
420 13.247619047619047
421 13.247030878859858
422 13.246445497630331
423 13.245862884160756
424 13.245283018867925
425 13.24470588235294
426 13.244131455399062
427 13.243559718969555
428 13.242990654205608
429 13.242424242424242
430 13.241860465116279
431 13.241299303944315
432 13.24074074074074
433 13.240184757505773
434 13.23963133640553
435 13.239080459770115
436 13.238532110091743
437 13.237986270022883
438 13.237442922374429
439 13.236902050113896
440 13.236363636363636
441 13.235827664399093
442 13.235294117647058
443 13.234762979683973
444 13.234234234234235
445 13.233707865168538
446 13.233183856502242
447 13.232662192393736
448 13.232142857142858
449 13.231625835189309
450 13.231111111111112
451 13.23059866962306
452 13.230088495575222
453 13.229580573951434
454 13.22907488986784
455 13.228571428571428
456 13.228070175438596
457 13.227571115973742
458 13.22707423580786
459 13.226579520697168
460 13.226086956521739
461 13.225596529284164
462 13.225108225108226
463 13.224622030237581
464 13.224137931034482
465 13.223655913978495
466 13.223175965665236
467 13.222698072805139
468 13.222222222222221
469 13.221748400852878
470 13.221276595744682
471 13.220806794055202
472 13.220338983050848
473 13.219873150105709
474 13.219409282700422
475 13.218947368421052
476 13.218487394957982
477 13.218029350104821
478 13.217573221757322
479 13.217118997912317
480 13.216666666666667
481 13.216216216216216
482 13.215767634854771
483 13.215320910973086
484 13.214876033057852
485 13.21443298969072
486 13.213991769547325
487 13.213552361396303
488 13.21311475409836
489 13.212678936605316
490 13.212244897959184
491 13.211812627291243
492 13.211382113821138
493 13.210953346855984
494 13.210526315789474
495 13.21010101010101
496 13.209677419354838
497 13.209255533199196
498 13.208835341365463
499 13.208416833667334
500 13.208
501 13.207584830339322
502 13.207171314741036
503 13.20675944333996
504 13.206349206349206
505 13.205940594059406
506 13.205533596837945
507 13.205128205128204
508 13.204724409448819
509 13.204322200392927
510 13.20392156862745
511 13.203522504892367
512 13.203125
513 13.202729044834308
514 13.202334630350194
515 13.201941747572816
516 13.2015503875969
517 13.201160541586074
518 13.225868725868725
519 13.22543352601156
520 13.25
521 13.27447216890595
522 13.273946360153257
523 13.27342256214149
524 13.272900763358779
525 13.272380952380953
526 13.271863117870723
527 13.27134724857685
528 13.270833333333334
529 13.2703213610586
530 13.269811320754718
531 13.293785310734464
532 13.293233082706767
533 13.292682926829269
534 13.292134831460674
535 13.291588785046729
536 13.291044776119403
537 13.29050279329609
538 13.28996282527881
539 13.289424860853432
540 13.28888888888889
541 13.288354898336413
542 13.287822878228782
543 13.287292817679559
544 13.286764705882353
545 13.286238532110092
546 13.285714285714286
547 13.285191956124315
548 13.284671532846716
549 13.28415300546448
550 13.283636363636363
551 13.283121597096189
552 13.282608695652174
553 13.282097649186257
554 13.28158844765343
555 13.281081081081082
556 13.280575539568344
557 13.280071813285458
558 13.279569892473118
559 13.279069767441861
560 13.278571428571428
561 13.27807486631016
562 13.277580071174377
563 13.27708703374778
564 13.27659574468085
565 13.276106194690266
566 13.275618374558304
567 13.275132275132275
568 13.274647887323944
569 13.274165202108962
570 13.273684210526316
571 13.273204903677758
572 13.272727272727273
573 13.272251308900524
574 13.27177700348432
575 13.271304347826087
576 13.270833333333334
577 13.270363951473136
578 13.269896193771626
579 13.26943005181347
580 13.26896551724138
581 13.268502581755595
582 13.268041237113403
583 13.267581475128646
584 13.267123287671232
585 13.266666666666667
586 13.266211604095563
587 13.265758091993186
588 13.26530612244898
589 13.264855687606111
590 13.264406779661018
591 13.263959390862944
592 13.263513513513514
593 13.263069139966273
594 13.262626262626263
595 13.26218487394958
596 13.261744966442953
597 13.261306532663317
598 13.26086956521739
599 13.26043405676127
600 13.26
601 13.259567387687188
602 13.259136212624584
603 13.280265339966833
604 13.301324503311259
605 13.322314049586776
606 13.321782178217822
607 13.321252059308073
608 13.320723684210526
609 13.320197044334975
610 13.319672131147541
611 13.319148936170214
612 13.318627450980392
613 13.318107667210441
614 13.317589576547231
615 13.33821138211382
616 13.337662337662337
617 13.33711507293355
618 13.336569579288026
619 13.336025848142166
620 13.335483870967742
621 13.334943639291465
622 13.334405144694534
623 13.333868378812198
624 13.333333333333334
625 13.3328
626 13.332268370607029
627 13.331738437001595
628 13.331210191082803
629 13.330683624801273
630 13.350793650793651
631 13.350237717908083
632 13.349683544303797
633 13.369668246445498
634 13.369085173501578
635 13.368503937007874
636 13.388364779874214
637 13.387755102040817
638 13.387147335423197
639 13.386541471048513
640 13.3859375
641 13.405616224648986
642 13.425233644859814
643 13.42457231726283
644 13.423913043478262
645 13.423255813953489
646 13.422600619195046
647 13.42194744976816
648 13.421296296296296
649 13.42064714946071
650 13.42
651 13.419354838709678
652 13.418711656441717
653 13.418070444104135
654 13.417431192660551
655 13.416793893129771
656 13.435975609756097
657 13.455098934550989
658 13.454407294832826
659 13.45371775417299
660 13.453030303030303
661 13.452344931921331
662 13.45166163141994
663 13.450980392156863
664 13.450301204819278
665 13.449624060150375
666 13.44894894894895
667 13.448275862068966
668 13.447604790419161
669 13.44693572496263
670 13.446268656716418
671 13.445603576751118
672 13.444940476190476
673 13.444279346210996
674 13.443620178041543
675 13.442962962962962
676 13.442307692307692
677 13.44165435745938
678 13.441002949852507
679 13.440353460972018
680 13.439705882352941
681 13.439060205580029
682 13.43841642228739
683 13.437774524158126
684 13.437134502923977
685 13.436496350364964
686 13.435860058309038
687 13.435225618631732
688 13.434593023255815
689 13.433962264150944
690 13.433333333333334
691 13.432706222865413
692 13.43208092485549
693 13.431457431457432
694 13.430835734870318
695 13.43021582733813
696 13.429597701149426
697 13.428981348637016
698 13.428366762177651
699 13.427753934191703
700 13.427142857142858
701 13.426533523537802
702 13.425925925925926
703 13.425320056899004
704 13.424715909090908
705 13.424113475177306
706 13.423512747875353
707 13.422913719943423
708 13.42231638418079
709 13.421720733427362
710 13.42112676056338
711 13.420534458509142
712 13.419943820224718
713 13.419354838709678
714 13.418767507002801
715 13.436363636363636
716 13.453910614525139
717 13.471408647140864
718 13.488857938718663
719 13.48817802503477
720 13.4875
721 13.504854368932039
722 13.504155124653739
723 13.521438450899032
724 13.53867403314917
725 13.537931034482758
726 13.537190082644628
727 13.536451169188446
728 13.535714285714286
729 13.534979423868313
730 13.534246575342467
731 13.533515731874145
732 13.532786885245901
733 13.53206002728513
734 13.53133514986376
735 13.53061224489796
736 13.529891304347826
737 13.529172320217096
738 13.528455284552846
739 13.527740189445197
740 13.527027027027026
741 13.526315789473685
742 13.525606469002696
743 13.524899057873485
744 13.524193548387096
745 13.523489932885907
746 13.52278820375335
747 13.522088353413654
748 13.52139037433155
749 13.520694259012016
750 13.52
751 13.51930758988016
752 13.518617021276595
753 13.51792828685259
754 13.517241379310345
755 13.516556291390728
756 13.515873015873016
757 13.515191545574636
758 13.514511873350923
759 13.513833992094861
760 13.513157894736842
761 13.512483574244415
762 13.511811023622048
763 13.511140235910878
764 13.510471204188482
765 13.509803921568627
766 13.509138381201044
767 13.508474576271187
768 13.5078125
769 13.507152145643692
770 13.506493506493506
771 13.505836575875486
772 13.505181347150259
773 13.504527813712807
774 13.503875968992247
775 13.503225806451614
776 13.50257731958763
777 13.501930501930502
778 13.501285347043702
779 13.500641848523749
780 13.5
781 13.499359795134444
782 13.498721227621484
783 13.49808429118774
784 13.497448979591837
785 13.496815286624203
786 13.49618320610687
787 13.495552731893266
788 13.49492385786802
789 13.494296577946768
790 13.49367088607595
791 13.493046776232617
792 13.492424242424242
793 13.491803278688524
794 13.4911838790932
795 13.49056603773585
796 13.489949748743719
797 13.489335006273526
798 13.488721804511279
799 13.48811013767209
800 13.4875
801 13.486891385767791
802 13.486284289276808
803 13.485678704856786
804 13.485074626865671
805 13.48447204968944
806 13.483870967741936
807 13.483271375464684
808 13.482673267326733
809 13.482076637824475
810 13.481481481481481
811 13.480887792848335
812 13.480295566502463
813 13.47970479704797
814 13.47911547911548
815 13.478527607361963
816 13.477941176470589
817 13.477356181150551
818 13.47677261613692
819 13.476190476190476
820 13.475609756097562
821 13.475030450669914
822 13.474452554744525
823 13.473876063183475
824 13.473300970873787
825 13.472727272727273
826 13.472154963680387
827 13.471584038694076
828 13.471014492753623
829 13.470446320868517
830 13.46987951807229
831 13.469314079422382
832 13.46875
833 13.468187274909964
834 13.467625899280575
835 13.467065868263473
836 13.466507177033494
837 13.46594982078853
838 13.465393794749403
839 13.464839094159714
840 13.464285714285714
841 13.463733650416172
842 13.463182897862232
843 13.462633451957295
844 13.462085308056873
845 13.461538461538462
846 13.460992907801419
847 13.460448642266824
848 13.459905660377359
849 13.459363957597173
850 13.458823529411765
851 13.45828437132785
852 13.45774647887324
853 13.457209847596717
854 13.456674473067915
855 13.456140350877194
856 13.455607476635514
857 13.45507584597433
858 13.454545454545455
859 13.454016298020955
860 13.453488372093023
861 13.452961672473867
862 13.452436194895592
863 13.45191193511008
864 13.45138888888889
865 13.45086705202312
866 13.450346420323326
867 13.449826989619377
868 13.449308755760368
869 13.448791714614499
870 13.448275862068966
871 13.447761194029852
872 13.447247706422019
873 13.446735395189004
874 13.446224256292906
875 13.445714285714285
876 13.445205479452055
877 13.444697833523374
878 13.444191343963553
879 13.443686006825939
880 13.443181818181818
881 13.442678774120317
882 13.4421768707483
883 13.441676104190261
884 13.441176470588236
885 13.440677966101696
886 13.440180586907449
887 13.43968432919955
888 13.43918918918919
889 13.438695163104612
890 13.438202247191011
891 13.437710437710438
892 13.437219730941704
893 13.436730123180292
894 13.436241610738255
895 13.435754189944134
896 13.435267857142858
897 13.434782608695652
898 13.434298440979955
899 13.433815350389322
900 13.433333333333334
901 13.432852386237514
902 13.432372505543237
903 13.43189368770764
904 13.43141592920354
905 13.430939226519337
906 13.43046357615894
907 13.429988974641676
908 13.429515418502202
909 13.429042904290428
910 13.428571428571429
911 13.428100987925356
912 13.427631578947368
913 13.427163198247536
914 13.426695842450766
915 13.426229508196721
916 13.425764192139738
917 13.425299890948747
918 13.42483660130719
919 13.42437431991295
920 13.423913043478262
921 13.423452768729641
922 13.422993492407809
923 13.422535211267606
924 13.422077922077921
925 13.421621621621622
926 13.421166306695465
927 13.420711974110032
928 13.420258620689655
929 13.419806243272335
930 13.419354838709678
931 13.41890440386681
932 13.418454935622318
933 13.418006430868168
934 13.417558886509635
935 13.417112299465241
936 13.416666666666666
937 13.416221985058698
938 13.415778251599146
939 13.415335463258787
940 13.414893617021276
941 13.414452709883102
942 13.414012738853502
943 13.413573700954402
944 13.413135593220339
945 13.412698412698413
946 13.412262156448202
947 13.41182682154171
948 13.41139240506329
949 13.41095890410959
950 13.410526315789474
951 13.410094637223974
952 13.409663865546218
953 13.409233997901364
954 13.40880503144654
955 13.408376963350785
956 13.407949790794978
957 13.407523510971787
958 13.407098121085594
959 13.40667361835245
960 13.40625
961 13.40582726326743
962 13.405405405405405
963 13.404984423676012
964 13.404564315352697
965 13.404145077720207
966 13.403726708074535
967 13.403309203722854
968 13.402892561983471
969 13.402476780185758
970 13.402061855670103
971 13.401647785787848
972 13.401234567901234
973 13.40082219938335
974 13.40041067761807
975 13.4
976 13.399590163934427
977 13.399181166837257
978 13.39877300613497
979 13.398365679264556
980 13.39795918367347
981 13.397553516819572
982 13.39714867617108
983 13.39674465920651
984 13.396341463414634
985 13.395939086294415
986 13.39553752535497
987 13.395136778115502
988 13.394736842105264
989 13.394337714863498
990 13.393939393939394
991 13.393541876892028
992 13.393145161290322
993 13.392749244712991
994 13.392354124748492
995 13.391959798994975
996 13.391566265060241
997 13.391173520561685
998 13.390781563126252
999 13.39039039039039