0 13.0
1 13.0
2 8.666666666666666
3 9.75
4 7.8
5 8.666666666666666
6 9.285714285714286
7 10.375
8 9.222222222222221
9 10.1
10 11.090909090909092
11 11.25
12 10.384615384615385
13 9.642857142857142
14 9.0
15 9.375
16 9.588235294117647
17 9.055555555555555
18 9.263157894736842
19 9.55
20 9.095238095238095
21 9.272727272727273
22 8.869565217391305
23 9.041666666666666
24 8.68
25 8.846153846153847
26 8.518518518518519
27 8.678571428571429
28 9.0
29 9.3
30 9.580645161290322
31 9.28125
32 9.545454545454545
33 9.705882352941176
34 9.857142857142858
35 10.083333333333334
36 10.297297297297296
37 10.473684210526315
38 10.64102564102564
39 10.825
40 11.0
41 10.880952380952381
42 11.046511627906977
43 11.204545454545455
44 11.088888888888889
45 10.978260869565217
46 11.106382978723405
47 11.229166666666666
48 11.306122448979592
49 11.38
50 11.490196078431373
51 11.615384615384615
52 11.735849056603774
53 11.851851851851851
54 11.672727272727272
55 11.767857142857142
56 11.859649122807017
57 11.96551724137931
58 12.067796610169491
59 12.166666666666666
60 12.262295081967213
61 12.064516129032258
62 11.873015873015873
63 11.6875
64 11.507692307692308
65 11.333333333333334
66 11.164179104477611
67 11.191176470588236
68 11.028985507246377
69 10.871428571428572
70 10.71830985915493
71 10.597222222222221
72 10.657534246575343
73 10.743243243243244
74 10.826666666666666
75 10.921052631578947
76 11.012987012987013
77 11.102564102564102
78 11.189873417721518
79 11.1625
80 11.08641975308642
81 11.012195121951219
82 10.891566265060241
83 10.869047619047619
84 10.894117647058824
85 10.918604651162791
86 10.942528735632184
87 10.965909090909092
88 10.98876404494382
89 10.9
90 10.813186813186814
91 10.793478260869565
92 10.817204301075268
93 10.73404255319149
94 10.757894736842106
95 10.78125
96 10.845360824742269
97 10.86734693877551
98 10.88888888888889
99 10.91
100 10.930693069306932
101 10.872549019607844
102 10.951456310679612
103 10.932692307692308
104 10.952380952380953
105 10.971698113207546
106 10.990654205607477
107 11.00925925925926
108 10.990825688073395
109 11.054545454545455
110 10.972972972972974
111 11.026785714285714
112 11.079646017699115
113 11.131578947368421
114 11.034782608695652
115 11.051724137931034
116 11.068376068376068
117 11.084745762711865
118 11.15126050420168
119 11.183333333333334
120 11.214876033057852
121 11.270491803278688
122 11.317073170731707
123 11.362903225806452
124 11.408
125 11.46031746031746
126 11.511811023622048
127 11.5625
128 11.612403100775193
129 11.646153846153846
130 11.587786259541986
131 11.522727272727273
132 11.458646616541353
133 11.380597014925373
134 11.392592592592592
135 11.404411764705882
136 11.416058394160585
137 11.427536231884059
138 11.43884892086331
139 11.45
140 11.390070921985815
141 11.429577464788732
142 11.468531468531468
143 11.506944444444445
144 11.544827586206896
145 11.554794520547945
146 11.476190476190476
147 11.513513513513514
148 11.550335570469798
149 11.586666666666666
150 11.62251655629139
151 11.546052631578947
152 11.555555555555555
153 11.564935064935066
154 11.548387096774194
155 11.474358974358974
156 11.48407643312102
157 11.41139240506329
158 11.371069182389936
159 11.325
160 11.335403726708075
161 11.345679012345679
162 11.38036809815951
163 11.353658536585366
164 11.4
165 11.44578313253012
166 11.48502994011976
167 11.523809523809524
168 11.55621301775148
169 11.588235294117647
170 11.619883040935672
171 11.656976744186046
172 11.693641618497109
173 11.729885057471265
174 11.685714285714285
175 11.721590909090908
176 11.677966101694915
177 11.629213483146067
178 11.581005586592179
179 11.533333333333333
180 11.486187845303867
181 11.445054945054945
182 11.404371584699453
183 11.445652173913043
184 11.41081081081081
185 11.370967741935484
186 11.331550802139038
187 11.367021276595745
188 11.396825396825397
189 11.426315789473684
190 11.455497382198953
191 11.489583333333334
192 11.523316062176166
193 11.556701030927835
194 11.58974358974359
195 11.581632653061224
196 11.543147208121827
197 11.5
198 11.447236180904522
199 11.405
200 11.36318407960199
201 11.326732673267326
202 11.29064039408867
203 11.254901960784315
204 11.2
205 11.145631067961165
206 11.101449275362318
207 11.057692307692308
208 11.023923444976077
209 10.985714285714286
210 10.995260663507109
211 11.004716981132075
212 11.014084507042254
213 11.023364485981308
214 11.032558139534883
215 11.060185185185185
216 11.087557603686635
217 11.114678899082568
218 11.141552511415526
219 11.090909090909092
220 11.040723981900452
221 10.995495495495495
222 11.031390134529149
223 11.0625
224 11.017777777777777
225 10.973451327433628
226 10.94273127753304
227 10.894736842105264
228 10.864628820960698
229 10.821739130434782
230 10.783549783549784
231 10.793103448275861
232 10.776824034334764
233 10.73076923076923
234 10.685106382978724
235 10.720338983050848
236 10.679324894514767
237 10.642857142857142
238 10.673640167364017
239 10.6375
240 10.66804979253112
241 10.62809917355372
242 10.613168724279836
243 10.577868852459016
244 10.612244897959183
245 10.577235772357724
246 10.54251012145749
247 10.508064516129032
248 10.465863453815262
249 10.436
250 10.422310756972111
251 10.38888888888889
252 10.355731225296443
253 10.38976377952756
254 10.407843137254902
255 10.42578125
256 10.40466926070039
257 10.383720930232558
258 10.355212355212355
259 10.323076923076924
260 10.352490421455938
261 10.381679389312977
262 10.414448669201521
263 10.393939393939394
264 10.373584905660378
265 10.353383458646617
266 10.333333333333334
267 10.35820895522388
268 10.323420074349443
269 10.333333333333334
270 10.343173431734318
271 10.352941176470589
272 10.362637362637363
273 10.372262773722628
274 10.345454545454546
275 10.318840579710145
276 10.292418772563177
277 10.273381294964029
278 10.254480286738351
279 10.235714285714286
280 10.266903914590747
281 10.294326241134751
282 10.321554770318022
283 10.30281690140845
284 10.284210526315789
285 10.314685314685315
286 10.344947735191637
287 10.32638888888889
288 10.30795847750865
289 10.289655172413793
290 10.271477663230241
291 10.253424657534246
292 10.279863481228668
293 10.261904761904763
294 10.24406779661017
295 10.266891891891891
296 10.242424242424242
297 10.218120805369127
298 10.200668896321071
299 10.183333333333334
300 10.16611295681063
301 10.175496688741722
302 10.141914191419142
303 10.151315789473685
304 10.160655737704918
305 10.169934640522875
306 10.17915309446254
307 10.146103896103897
308 10.129449838187702
309 10.112903225806452
310 10.141479099678456
311 10.125
312 10.15335463258786
313 10.136942675159236
314 10.12063492063492
315 10.098101265822784
316 10.1198738170347
317 10.141509433962264
318 10.163009404388715
319 10.184375
320 10.152647975077882
321 10.121118012422361
322 10.089783281733746
323 10.074074074074074
324 10.058461538461538
325 10.042944785276074
326 10.021406727828746
327 10.0
328 9.984802431610943
329 9.969696969696969
330 9.954682779456194
331 9.927710843373495
332 9.912912912912914
333 9.89820359281437
334 9.883582089552238
335 9.854166666666666
336 9.863501483679526
337 9.872781065088757
338 9.882005899705014
339 9.861764705882353
340 9.882697947214076
341 9.862573099415204
342 9.88338192419825
343 9.854651162790697
344 9.840579710144928
345 9.83815028901734
346 9.835734870317003
347 9.82183908045977
348 9.819484240687679
349 9.805714285714286
350 9.792022792022792
351 9.764204545454545
352 9.762039660056658
353 9.759887005649718
354 9.769014084507042
355 9.741573033707866
356 9.739495798319327
357 9.726256983240223
358 9.713091922005571
359 9.7
360 9.673130193905816
361 9.660220994475138
362 9.658402203856749
363 9.656593406593407
364 9.643835616438356
365 9.642076502732241
366 9.632152588555858
367 9.630434782608695
368 9.604336043360433
369 9.594594594594595
370 9.582210242587601
371 9.580645161290322
372 9.579088471849866
373 9.577540106951872
374 9.586666666666666
375 9.561170212765957
376 9.535809018567639
377 9.534391534391535
378 9.532981530343008
379 9.531578947368422
380 9.530183727034121
381 9.528795811518325
382 9.503916449086162
383 9.4921875
384 9.49090909090909
385 9.489637305699482
386 9.488372093023257
387 9.487113402061855
388 9.48586118251928
389 9.484615384615385
390 9.483375959079284
391 9.464285714285714
392 9.463104325699746
393 9.444162436548224
394 9.432911392405064
395 9.416666666666666
396 9.39294710327456
397 9.371859296482413
398 9.360902255639099
399 9.34
400 9.329177057356608
401 9.308457711442786
402 9.292803970223325
403 9.272277227722773
404 9.249382716049382
405 9.238916256157635
406 9.216216216216216
407 9.205882352941176
408 9.185819070904646
409 9.165853658536586
410 9.158150851581508
411 9.143203883495145
412 9.121065375302663
413 9.103864734299517
414 9.103614457831325
415 9.103365384615385
416 9.086330935251798
417 9.086124401913876
418 9.085918854415274
419 9.085714285714285
420 9.085510688836104
421 9.085308056872037
422 9.085106382978724
423 9.068396226415095
424 9.051764705882354
425 9.032863849765258
426 9.011709601873536
427 8.995327102803738
428 8.981351981351981
429 8.962790697674418
430 8.94663573085847
431 8.930555555555555
432 8.914549653579677
433 8.894009216589861
434 8.875862068965517
435 8.860091743119266
436 8.842105263157896
437 8.821917808219178
438 8.806378132118452
439 8.790909090909091
440 8.773242630385488
441 8.755656108597286
442 8.738148984198645
443 8.72072072072072
444 8.703370786516855
445 8.688340807174887
446 8.671140939597315
447 8.654017857142858
448 8.66369710467706
449 8.673333333333334
450 8.682926829268293
451 8.692477876106194
452 8.675496688741722
453 8.658590308370044
454 8.641758241758241
455 8.62719298245614
456 8.614879649890591
457 8.59825327510917
458 8.607843137254902
459 8.617391304347827
460 8.607375271149674
461 8.597402597402597
462 8.580993520518359
463 8.599137931034482
464 8.587096774193549
465 8.568669527896995
466 8.554603854389722
467 8.538461538461538
468 8.52452025586354
469 8.508510638297873
470 8.494692144373673
471 8.48093220338983
472 8.465116279069768
473 8.447257383966244
474 8.433684210526316
475 8.420168067226891
476 8.40670859538784
477 8.393305439330543
478 8.379958246346556
479 8.364583333333334
480 8.347193347193347
481 8.33402489626556
482 8.320910973084887
483 8.303719008264462
484 8.31340206185567
485 8.296296296296296
486 8.285420944558522
487 8.270491803278688
488 8.25562372188139
489 8.240816326530613
490 8.226069246435845
491 8.209349593495935
492 8.1947261663286
493 8.180161943319838
494 8.165656565656565
495 8.149193548387096
496 8.132796780684105
497 8.120481927710843
498 8.1062124248497
499 8.092
500 8.10179640718563
501 8.093625498007968
502 8.085487077534792
503 8.073412698412698
504 8.06138613861386
505 8.045454545454545
506 8.033530571992111
507 8.023622047244094
508 8.011787819253438
509 8.0
510 7.988258317025441
511 7.97265625
512 7.961013645224171
513 7.9494163424124515
514 7.966990291262136
515 7.984496124031008
516 7.974854932301741
517 7.95945945945946
518 7.944123314065511
519 7.9326923076923075
520 7.930902111324376
521 7.915708812260537
522 7.902485659655832
523 7.891221374045801
524 7.88
525 7.865019011406844
526 7.850094876660341
527 7.848484848484849
528 7.835538752362949
529 7.8226415094339625
530 7.832391713747646
531 7.842105263157895
532 7.8273921200750465
533 7.837078651685394
534 7.822429906542056
535 7.809701492537314
536 7.795158286778398
537 7.786245353159852
538 7.77365491651206
539 7.7592592592592595
540 7.7467652495378925
541 7.734317343173432
542 7.720073664825046
543 7.707720588235294
544 7.697247706422019
545 7.684981684981685
546 7.674588665447898
547 7.664233576642336
548 7.653916211293261
549 7.670909090909091
550 7.687840290381125
551 7.704710144927536
552 7.7215189873417724
553 7.709386281588448
554 7.6954954954954955
555 7.681654676258993
556 7.667863554757631
557 7.654121863799283
558 7.640429338103757
559 7.632142857142857
560 7.618538324420677
561 7.610320284697509
562 7.600355239786857
563 7.590425531914893
564 7.580530973451327
565 7.570671378091872
566 7.5626102292768955
567 7.552816901408451
568 7.543057996485062
569 7.552631578947368
570 7.562171628721541
571 7.548951048951049
572 7.535776614310646
573 7.52787456445993
574 7.518260869565218
575 7.508680555555555
576 7.49740034662045
577 7.489619377162629
578 7.481865284974093
579 7.468965517241379
580 7.457831325301205
581 7.450171821305842
582 7.439108061749571
583 7.428082191780822
584 7.420512820512821
585 7.409556313993174
586 7.402044293015332
587 7.391156462585034
588 7.383701188455008
589 7.372881355932203
590 7.362098138747885
591 7.349662162162162
592 7.338954468802698
593 7.331649831649831
594 7.324369747899159
595 7.315436241610739
596 7.313232830820771
597 7.304347826086956
598 7.295492487479132
599 7.293333333333333
600 7.284525790349417
601 7.2724252491694354
602 7.263681592039801
603 7.26158940397351
604 7.249586776859504
605 7.240924092409241
606 7.233937397034596
607 7.223684210526316
608 7.2151067323481115
609 7.20655737704918
610 7.194762684124386
611 7.186274509803922
612 7.177814029363785
613 7.169381107491857
614 7.157723577235773
615 7.14935064935065
616 7.137763371150729
617 7.127831715210356
618 7.117932148626817
619 7.108064516129033
620 7.101449275362318
621 7.094855305466238
622 7.085072231139647
623 7.075320512820513
624 7.064
625 7.054313099041534
626 7.043062200956938
627 7.0334394904458595
628 7.023847376788553
629 7.012698412698413
630 7.003169572107765
631 6.992088607594937
632 6.9826224328594
633 6.974763406940063
634 6.963779527559055
635 6.95440251572327
636 6.943485086342229
637 6.93730407523511
638 6.929577464788732
639 6.921875
640 6.914196567862715
641 6.9034267912772584
642 6.895800933125972
643 6.888198757763975
644 6.877519379844961
645 6.869969040247678
646 6.8639876352395675
647 6.862654320987654
648 6.855161787365177
649 6.8538461538461535
650 6.846390168970814
651 6.837423312883436
652 6.826952526799388
653 6.821100917431193
654 6.812213740458016
655 6.810975609756097
656 6.802130898021309
657 6.7948328267477205
658 6.795144157814871
659 6.789393939393939
660 6.7791225416036305
661 6.768882175226586
662 6.7631975867269984
663 6.754518072289157
664 6.745864661654135
665 6.743243243243243
666 6.743628185907046
667 6.744011976047904
668 6.733931240657698
669 6.731343283582089
670 6.72876304023845
671 6.720238095238095
672 6.720653789004458
673 6.710682492581602
674 6.702222222222222
675 6.695266272189349
676 6.69423929098966
677 6.6902654867256635
678 6.6818851251840945
679 6.677941176470588
680 6.66813509544787
681 6.667155425219941
682 6.66325036603221
683 6.6535087719298245
684 6.649635036496351
685 6.639941690962099
686 6.633187772925764
687 6.626453488372093
688 6.622641509433962
689 6.613043478260869
690 6.626628075253256
691 6.618497109826589
692 6.608946608946609
693 6.599423631123919
694 6.589928057553957
695 6.583333333333333
696 6.5767575322812055
697 6.567335243553009
698 6.587982832618025
699 6.585714285714285
700 6.5834522111269616
701 6.5754985754985755
702 6.5675675675675675
703 6.561079545454546
704 6.55177304964539
705 6.542492917847025
706 6.536067892503536
707 6.52683615819209
708 6.520451339915374
709 6.515492957746479
710 6.5119549929676515
711 6.51123595505618
712 6.506311360448808
713 6.5
714 6.490909090909091
715 6.48463687150838
716 6.479776847977685
717 6.47075208913649
718 6.464534075104312
719 6.456944444444445
720 6.450762829403606
721 6.441828254847645
722 6.435684647302905
723 6.43232044198895
724 6.424827586206897
725 6.415977961432507
726 6.40990371389271
727 6.40521978021978
728 6.396433470507545
729 6.387671232876713
730 6.378932968536252
731 6.3743169398907105
732 6.3669849931787175
733 6.358310626702997
734 6.352380952380952
735 6.345108695652174
736 6.3392130257801895
737 6.333333333333333
738 6.334235453315291
739 6.335135135135135
740 6.336032388663968
741 6.336927223719677
742 6.3283983849259755
743 6.325268817204301
744 6.318120805369127
745 6.3123324396782845
746 6.306559571619813
747 6.307486631016043
748 6.308411214953271
749 6.309333333333333
750 6.310252996005326
751 6.30186170212766
752 6.294820717131474
753 6.286472148541114
754 6.2781456953642385
755 6.272486772486772
756 6.2721268163804496
757 6.266490765171504
758 6.258234519104084
759 6.252631578947368
760 6.2457293035479635
761 6.24015748031496
762 6.231979030144168
763 6.226439790575916
764 6.219607843137255
765 6.214099216710183
766 6.2059973924380705
767 6.21875
768 6.211963589076723
769 6.205194805194806
770 6.198443579766537
771 6.191709844559585
772 6.183699870633894
773 6.178294573643411
774 6.170322580645161
775 6.164948453608248
776 6.158301158301159
777 6.158097686375322
778 6.152759948652118
779 6.144871794871795
780 6.139564660691422
781 6.132992327365729
782 6.127713920817369
783 6.119897959183674
784 6.117197452229299
785 6.1132315521628495
786 6.110546378653113
787 6.1078680203045685
788 6.105196451204056
789 6.10126582278481
790 6.094816687737041
791 6.087121212121212
792 6.079445145018916
793 6.074307304785894
794 6.070440251572327
795 6.066582914572864
796 6.058971141781681
797 6.051378446115288
798 6.047559449311639
799 6.0425
800 6.039950062421973
801 6.037406483790524
802 6.0348692403486925
803 6.028606965174129
804 6.024844720496894
805 6.022332506203474
806 6.016109045848823
807 6.012376237623762
808 6.008652657601978
809 6.002469135802469
810 5.996300863131935
811 6.008620689655173
812 6.003690036900369
813 5.998771498771498
814 5.993865030674846
815 5.990196078431373
816 5.982864137086903
817 5.97921760391198
818 5.9743589743589745
819 5.96829268292683
820 5.962241169305725
821 5.958637469586375
822 5.9696233292831105
823 5.980582524271845
824 5.974545454545455
825 5.9709443099273605
826 5.964933494558646
827 5.9601449275362315
828 5.957780458383595
829 5.953012048192771
830 5.950661853188929
831 5.9483173076923075
832 5.942376950780312
833 5.936450839328537
834 5.931736526946108
835 5.925837320574162
836 5.921146953405018
837 5.91527446300716
838 5.908224076281288
839 5.9035714285714285
840 5.897740784780024
841 5.89311163895487
842 5.887307236061685
843 5.882701421800948
844 5.87810650887574
845 5.872340425531915
846 5.866587957497049
847 5.8620283018867925
848 5.856301531213192
849 5.851764705882353
850 5.847238542890717
851 5.843896713615023
852 5.838218053927315
853 5.831381733021077
854 5.828070175438596
855 5.8235981308411215
856 5.819136522753793
857 5.812354312354312
858 5.809080325960419
859 5.804651162790698
860 5.802555168408827
861 5.796983758700696
862 5.792584009269988
863 5.78587962962963
864 5.780346820809249
865 5.775981524249422
866 5.775086505190312
867 5.774193548387097
868 5.767548906789413
869 5.7620689655172415
870 5.756601607347876
871 5.754587155963303
872 5.752577319587629
873 5.745995423340961
874 5.739428571428571
875 5.736301369863014
876 5.732041049030787
877 5.7266514806378135
878 5.720136518771331
879 5.718181818181818
880 5.713961407491487
881 5.710884353741497
882 5.705549263873159
883 5.699095022624435
884 5.696045197740113
885 5.691873589164786
886 5.686583990980834
887 5.683558558558558
888 5.677165354330708
889 5.675280898876404
890 5.671156004489338
891 5.665919282511211
892 5.662933930571109
893 5.656599552572707
894 5.650279329608939
895 5.647321428571429
896 5.643255295429208
897 5.638084632516704
898 5.636262513904338
899 5.633333333333334
900 5.62930077691454
901 5.623059866962306
902 5.617940199335548
903 5.615044247787611
904 5.608839779005525
905 5.60485651214128
906 5.600882028665931
907 5.594713656387666
908 5.588558855885589
909 5.584615384615384
910 5.579582875960483
911 5.576754385964913
912 5.572836801752464
913 5.566739606126915
914 5.561748633879781
915 5.557860262008734
916 5.55288985823337
917 5.549019607843137
918 5.544069640914037
919 5.539130434782609
920 5.534201954397394
921 5.530368763557484
922 5.52546045503792
923 5.520562770562771
924 5.517837837837837
925 5.514038876889849
926 5.511326860841424
927 5.506465517241379
928 5.5026910656620025
929 5.497849462365592
930 5.4973147153598285
931 5.491416309012876
932 5.491961414790997
933 5.492505353319058
934 5.488770053475936
935 5.483974358974359
936 5.47812166488794
937 5.474413646055437
938 5.470713525026624
939 5.464893617021277
940 5.461211477151966
941 5.457537154989384
942 5.453870625662779
943 5.4491525423728815
944 5.445502645502645
945 5.440803382663848
946 5.436114044350581
947 5.432489451476793
948 5.428872497365648
949 5.425263157894737
950 5.420609884332282
951 5.415966386554622
952 5.410283315844701
953 5.40670859538784
954 5.403141361256544
955 5.398535564853557
956 5.398119122257054
957 5.397703549060543
958 5.394160583941606
959 5.392708333333333
960 5.388137356919875
961 5.384615384615385
962 5.385254413291796
963 5.382780082987552
964 5.380310880829016
965 5.377846790890269
966 5.375387797311272
967 5.3708677685950414
968 5.365325077399381
969 5.359793814432989
970 5.357363542739444
971 5.352880658436214
972 5.34737923946557
973 5.341889117043121
974 5.337435897435897
975 5.332991803278689
976 5.3275332650972365
977 5.32719836400818
978 5.3227783452502555
979 5.318367346938776
980 5.316004077471967
981 5.310590631364562
982 5.30824008138352
983 5.304878048780488
984 5.300507614213198
985 5.295131845841785
986 5.291793313069909
987 5.290485829959514
988 5.287158746208291
989 5.287878787878788
990 5.285570131180625
991 5.282258064516129
992 5.278952668680765
993 5.275653923541247
994 5.27035175879397
995 5.265060240963855
996 5.261785356068205
997 5.258517034068136
998 5.253253253253253
999 5.25
5.25