0 13.0
1 13.0
2 13.0
3 13.0
4 13.0
5 13.0
6 13.0
7 13.0
8 13.0
9 13.0
10 14.444444444444445
11 14.3
12 14.181818181818182
13 14.083333333333334
14 14.0
15 13.928571428571429
16 13.866666666666667
17 13.8125
18 14.529411764705882
19 14.444444444444445
20 14.368421052631579
21 14.3
22 14.238095238095237
23 14.181818181818182
24 14.130434782608695
25 14.083333333333334
26 14.04
27 14.0
28 13.962962962962964
29 13.928571428571429
30 13.89655172413793
31 13.866666666666667
32 13.838709677419354
33 13.8125
34 13.787878787878787
35 13.764705882352942
36 13.742857142857142
37 13.722222222222221
38 13.702702702702704
39 13.68421052631579
40 13.666666666666666
41 13.65
42 13.634146341463415
43 13.619047619047619
44 13.604651162790697
45 13.590909090909092
46 13.577777777777778
47 13.565217391304348
48 13.553191489361701
49 13.541666666666666
50 13.53061224489796
51 13.52
52 13.509803921568627
53 13.5
54 13.49056603773585
55 13.481481481481481
56 13.472727272727273
57 13.464285714285714
58 13.456140350877194
59 13.448275862068966
60 13.661016949152541
61 13.65
62 13.852459016393443
63 13.838709677419354
64 13.825396825396826
65 13.8125
66 13.8
67 13.787878787878787
68 13.776119402985074
69 13.764705882352942
70 13.753623188405797
71 13.742857142857142
72 13.732394366197184
73 13.722222222222221
74 13.712328767123287
75 13.702702702702704
76 13.693333333333333
77 13.855263157894736
78 13.844155844155845
79 13.833333333333334
80 13.987341772151899
81 13.975
82 13.962962962962964
83 13.951219512195122
84 13.939759036144578
85 14.083333333333334
86 14.223529411764705
87 14.209302325581396
88 14.195402298850574
89 14.181818181818182
90 14.168539325842696
91 14.155555555555555
92 14.142857142857142
93 14.130434782608695
94 14.118279569892474
95 14.106382978723405
96 14.094736842105263
97 14.083333333333334
98 14.072164948453608
99 14.061224489795919
100 14.05050505050505
101 14.04
102 14.029702970297029
103 14.019607843137255
104 14.009708737864077
105 14.0
106 13.99047619047619
107 13.981132075471699
108 13.97196261682243
109 13.962962962962964
110 13.954128440366972
111 13.945454545454545
112 13.936936936936936
113 13.928571428571429
114 13.920353982300885
115 13.912280701754385
116 13.904347826086957
117 13.89655172413793
118 13.88888888888889
119 13.88135593220339
120 13.873949579831933
121 13.866666666666667
122 13.859504132231406
123 13.852459016393443
124 13.845528455284553
125 13.838709677419354
126 13.832
127 13.825396825396826
128 13.818897637795276
129 13.9140625
130 14.007751937984496
131 14.0
132 13.992366412213741
133 13.984848484848484
134 13.977443609022556
135 13.970149253731343
136 13.962962962962964
137 13.955882352941176
138 13.94890510948905
139 13.942028985507246
140 13.93525179856115
141 13.928571428571429
142 13.921985815602836
143 13.915492957746478
144 13.909090909090908
145 13.902777777777779
146 13.89655172413793
147 13.89041095890411
148 13.97278911564626
149 13.966216216216216
150 13.95973154362416
151 13.953333333333333
152 13.947019867549669
153 13.94078947368421
154 13.934640522875817
155 13.928571428571429
156 13.92258064516129
157 13.916666666666666
158 13.910828025477707
159 13.905063291139241
160 13.89937106918239
161 13.89375
162 13.888198757763975
163 13.882716049382717
164 13.877300613496933
165 13.951219512195122
166 13.945454545454545
167 13.939759036144578
168 13.934131736526947
169 13.928571428571429
170 13.923076923076923
171 13.91764705882353
172 13.912280701754385
173 13.906976744186046
174 13.901734104046243
175 13.89655172413793
176 13.891428571428571
177 13.886363636363637
178 13.954802259887005
179 14.02247191011236
180 14.016759776536313
181 14.011111111111111
182 14.005524861878452
183 14.0
184 13.994535519125684
185 13.98913043478261
186 14.054054054054054
187 14.048387096774194
188 14.042780748663102
189 14.037234042553191
190 14.031746031746032
191 14.026315789473685
192 14.020942408376964
193 14.015625
194 14.010362694300518
195 14.005154639175258
196 14.0
197 14.061224489795919
198 14.121827411167512
199 14.116161616161616
200 14.175879396984925
201 14.17
202 14.164179104477611
203 14.158415841584159
204 14.152709359605911
205 14.147058823529411
206 14.141463414634146
207 14.135922330097088
208 14.130434782608695
209 14.125
210 14.119617224880383
211 14.114285714285714
212 14.109004739336493
213 14.165094339622641
214 14.220657276995306
215 14.214953271028037
216 14.209302325581396
217 14.203703703703704
218 14.19815668202765
219 14.192660550458715
220 14.187214611872147
221 14.181818181818182
222 14.176470588235293
223 14.17117117117117
224 14.165919282511211
225 14.160714285714286
226 14.155555555555555
227 14.150442477876107
228 14.145374449339206
229 14.140350877192983
230 14.192139737991265
231 14.243478260869566
232 14.294372294372295
233 14.288793103448276
234 14.283261802575108
235 14.277777777777779
236 14.272340425531915
237 14.266949152542374
238 14.261603375527427
239 14.256302521008404
240 14.251046025104603
241 14.245833333333334
242 14.240663900414937
243 14.235537190082646
244 14.23045267489712
245 14.225409836065573
246 14.220408163265306
247 14.215447154471544
248 14.210526315789474
249 14.205645161290322
250 14.200803212851406
251 14.196
252 14.243027888446216
253 14.28968253968254
254 14.284584980237154
255 14.279527559055119
256 14.27450980392157
257 14.26953125
258 14.264591439688717
259 14.25968992248062
260 14.254826254826256
261 14.25
262 14.245210727969349
263 14.290076335877863
264 14.285171102661597
265 14.280303030303031
266 14.275471698113208
267 14.270676691729323
268 14.265917602996256
269 14.261194029850746
270 14.256505576208179
271 14.251851851851852
272 14.247232472324724
273 14.242647058823529
274 14.238095238095237
275 14.233576642335766
276 14.229090909090909
277 14.22463768115942
278 14.267148014440433
279 14.262589928057555
280 14.304659498207885
281 14.3
282 14.295373665480428
283 14.290780141843971
284 14.286219081272085
285 14.327464788732394
286 14.322807017543859
287 14.363636363636363
288 14.358885017421603
289 14.354166666666666
290 14.349480968858131
291 14.344827586206897
292 14.34020618556701
293 14.335616438356164
294 14.331058020477816
295 14.326530612244898
296 14.322033898305085
297 14.317567567567568
298 14.313131313131313
299 14.35234899328859
300 14.347826086956522
301 14.343333333333334
302 14.382059800664452
303 14.37748344370861
304 14.372937293729374
305 14.368421052631579
306 14.363934426229509
307 14.359477124183007
308 14.397394136807817
309 14.392857142857142
310 14.388349514563107
311 14.383870967741936
312 14.379421221864952
313 14.375
314 14.412140575079873
315 14.40764331210191
316 14.403174603174604
317 14.39873417721519
318 14.394321766561514
319 14.38993710691824
320 14.385579937304076
321 14.38125
322 14.376947040498443
323 14.372670807453416
324 14.368421052631579
325 14.364197530864198
326 14.36
327 14.355828220858896
328 14.351681957186544
329 14.347560975609756
330 14.343465045592705
331 14.33939393939394
332 14.33534743202417
333 14.331325301204819
334 14.327327327327327
335 14.323353293413174
336 14.319402985074626
337 14.31547619047619
338 14.311572700296736
339 14.307692307692308
340 14.303834808259587
341 14.3
342 14.296187683284458
343 14.292397660818713
344 14.28862973760933
345 14.284883720930232
346 14.281159420289855
347 14.277456647398845
348 14.27377521613833
349 14.270114942528735
350 14.26647564469914
351 14.262857142857143
352 14.25925925925926
353 14.255681818181818
354 14.252124645892351
355 14.248587570621469
356 14.24507042253521
357 14.241573033707866
358 14.238095238095237
359 14.23463687150838
360 14.231197771587743
361 14.227777777777778
362 14.22437673130194
363 14.220994475138122
364 14.217630853994491
365 14.214285714285714
366 14.246575342465754
367 14.278688524590164
368 14.275204359673024
369 14.271739130434783
370 14.268292682926829
371 14.264864864864865
372 14.261455525606468
373 14.258064516129032
374 14.254691689008043
375 14.251336898395722
376 14.248
377 14.24468085106383
378 14.241379310344827
379 14.238095238095237
380 14.234828496042216
381 14.23157894736842
382 14.228346456692913
383 14.225130890052355
384 14.221932114882506
385 14.21875
386 14.24935064935065
387 14.246113989637307
388 14.242894056847545
389 14.239690721649485
390 14.23650385604113
391 14.233333333333333
392 14.230179028132993
393 14.22704081632653
394 14.223918575063614
395 14.220812182741117
396 14.217721518987341
397 14.214646464646465
398 14.211586901763225
399 14.241206030150753
400 14.238095238095237
401 14.235
402 14.231920199501246
403 14.228855721393035
404 14.225806451612904
405 14.222772277227723
406 14.219753086419754
407 14.216748768472906
408 14.213759213759214
409 14.21078431372549
410 14.23960880195599
411 14.268292682926829
412 14.265206812652067
413 14.29368932038835
414 14.290556900726392
415 14.28743961352657
416 14.28433734939759
417 14.28125
418 14.278177458033573
419 14.275119617224881
420 14.272076372315036
421 14.269047619047619
422 14.26603325415677
423 14.293838862559241
424 14.321513002364066
425 14.318396226415095
426 14.315294117647058
427 14.312206572769954
428 14.309133489461358
429 14.30607476635514
430 14.303030303030303
431 14.3
432 14.296983758700696
433 14.293981481481481
434 14.290993071593533
435 14.288018433179724
436 14.285057471264368
437 14.28211009174312
438 14.279176201372998
439 14.276255707762557
440 14.273348519362187
441 14.270454545454545
442 14.267573696145124
443 14.264705882352942
444 14.29119638826185
445 14.317567567567568
446 14.314606741573034
447 14.311659192825113
448 14.308724832214764
449 14.305803571428571
450 14.302895322939866
451 14.3
452 14.297117516629712
453 14.294247787610619
454 14.291390728476822
455 14.288546255506608
456 14.285714285714286
457 14.31140350877193
458 14.336980306345733
459 14.362445414847162
460 14.387799564270152
461 14.384782608695652
462 14.38177874186551
463 14.378787878787879
464 14.375809935205183
465 14.372844827586206
466 14.369892473118279
467 14.366952789699571
468 14.364025695931478
469 14.36111111111111
470 14.35820895522388
471 14.35531914893617
472 14.35244161358811
473 14.377118644067796
474 14.374207188160677
475 14.371308016877638
476 14.39578947368421
477 14.392857142857142
478 14.38993710691824
479 14.387029288702928
480 14.384133611691023
481 14.38125
482 14.378378378378379
483 14.37551867219917
484 14.372670807453416
485 14.369834710743802
486 14.367010309278351
487 14.364197530864198
488 14.388090349075975
489 14.385245901639344
490 14.408997955010225
491 14.406122448979591
492 14.40325865580448
493 14.40040650406504
494 14.397565922920892
495 14.421052631578947
496 14.418181818181818
497 14.415322580645162
498 14.412474849094567
499 14.409638554216867
500 14.40681362725451
501 14.43
502 14.427145708582835
503 14.42430278884462
504 14.421471172962226
505 14.418650793650794
506 14.415841584158416
507 14.41304347826087
508 14.41025641025641
509 14.40748031496063
510 14.404715127701376
511 14.401960784313726
512 14.399217221135029
513 14.396484375
514 14.393762183235868
515 14.391050583657588
516 14.388349514563107
517 14.385658914728682
518 14.382978723404255
519 14.38030888030888
520 14.377649325626205
521 14.375
522 14.37236084452975
523 14.369731800766283
524 14.367112810707457
525 14.364503816793894
526 14.361904761904762
527 14.359315589353612
528 14.356736242884251
529 14.354166666666666
530 14.351606805293006
531 14.349056603773585
532 14.346516007532957
533 14.343984962406015
534 14.341463414634147
535 14.338951310861423
536 14.336448598130842
537 14.35820895522388
538 14.379888268156424
539 14.37732342007435
540 14.374768089053804
541 14.372222222222222
542 14.369685767097966
543 14.367158671586715
544 14.3646408839779
545 14.362132352941176
546 14.359633027522936
547 14.357142857142858
548 14.354661791590493
549 14.352189781021897
550 14.349726775956285
551 14.347272727272728
552 14.344827586206897
553 14.342391304347826
554 14.33996383363472
555 14.36101083032491
556 14.358558558558558
557 14.356115107913668
558 14.353680430879713
559 14.35125448028674
560 14.348837209302326
561 14.346428571428572
562 14.344028520499108
563 14.341637010676157
564 14.339253996447603
565 14.336879432624114
566 14.334513274336283
567 14.332155477031803
568 14.329805996472663
569 14.327464788732394
570 14.325131810193321
571 14.322807017543859
572 14.320490367775832
573 14.340909090909092
574 14.338568935427574
575 14.358885017421603
576 14.379130434782608
577 14.37673611111111
578 14.374350086655113
579 14.3719723183391
580 14.369602763385148
581 14.367241379310345
582 14.364888123924269
583 14.362542955326461
584 14.360205831903945
585 14.357876712328768
586 14.355555555555556
587 14.353242320819113
588 14.350936967632027
589 14.348639455782314
590 14.34634974533107
591 14.344067796610169
592 14.363790186125211
593 14.361486486486486
594 14.381112984822934
595 14.400673400673401
596 14.398319327731093
597 14.417785234899329
598 14.415410385259632
599 14.41304347826087
600 14.410684474123538
601 14.408333333333333
602 14.405990016638935
603 14.425249169435215
604 14.444444444444445
605 14.44205298013245
606 14.439669421487602
607 14.437293729372938
608 14.43492586490939
609 14.432565789473685
610 14.430213464696223
611 14.427868852459016
612 14.425531914893616
613 14.423202614379084
614 14.420880913539968
615 14.4185667752443
616 14.43739837398374
617 14.456168831168831
618 14.453808752025932
619 14.451456310679612
620 14.449111470113086
621 14.446774193548388
622 14.444444444444445
623 14.442122186495176
624 14.439807383627608
625 14.4375
626 14.4352
627 14.43290734824281
628 14.430622009569378
629 14.428343949044587
630 14.426073131955485
631 14.423809523809524
632 14.421553090332806
633 14.419303797468354
634 14.417061611374407
635 14.414826498422713
636 14.412598425196851
637 14.410377358490566
638 14.408163265306122
639 14.405956112852664
640 14.4037558685446
641 14.4015625
642 14.399375975039002
643 14.397196261682243
644 14.3950233281493
645 14.392857142857142
646 14.390697674418604
647 14.408668730650154
648 14.406491499227203
649 14.404320987654321
650 14.422187981510016
651 14.44
652 14.457757296466974
653 14.475460122699387
654 14.473200612557427
655 14.470948012232416
656 14.468702290076337
657 14.466463414634147
658 14.464231354642314
659 14.462006079027356
660 14.4597875569044
661 14.477272727272727
662 14.475037821482601
663 14.472809667673715
664 14.470588235294118
665 14.468373493975903
666 14.466165413533835
667 14.463963963963964
668 14.461769115442278
669 14.459580838323353
670 14.457399103139014
671 14.455223880597014
672 14.453055141579732
673 14.450892857142858
674 14.448736998514116
675 14.446587537091988
676 14.444444444444445
677 14.442307692307692
678 14.440177252584933
679 14.438053097345133
680 14.435935198821797
681 14.433823529411764
682 14.450807635829662
683 14.448680351906159
684 14.446559297218155
685 14.444444444444445
686 14.442335766423358
687 14.440233236151604
688 14.438136826783115
689 14.436046511627907
690 14.433962264150944
691 14.431884057971015
692 14.429811866859623
693 14.427745664739884
694 14.425685425685426
695 14.423631123919309
696 14.421582733812949
697 14.438218390804598
698 14.436154949784791
699 14.434097421203438
700 14.432045779685264
701 14.448571428571428
702 14.465049928673324
703 14.481481481481481
704 14.479374110953058
705 14.495738636363637
706 14.512056737588653
707 14.528328611898017
708 14.544554455445544
709 14.560734463276836
710 14.558533145275035
711 14.574647887323943
712 14.572433192686358
713 14.570224719101123
714 14.568022440392706
715 14.565826330532213
716 14.563636363636364
717 14.561452513966481
718 14.559274755927476
719 14.557103064066853
720 14.573018080667595
721 14.570833333333333
722 14.56865464632455
723 14.566481994459833
724 14.582295988934993
725 14.58011049723757
726 14.57793103448276
727 14.575757575757576
728 14.573590096286107
729 14.571428571428571
730 14.569272976680384
731 14.584931506849315
732 14.582763337893297
733 14.580601092896174
734 14.57844474761255
735 14.576294277929156
736 14.574149659863945
737 14.572010869565217
738 14.569877883310719
739 14.567750677506774
740 14.565629228687415
741 14.563513513513513
742 14.56140350877193
743 14.559299191374663
744 14.557200538358009
745 14.55510752688172
746 14.553020134228188
747 14.55093833780161
748 14.548862115127175
749 14.564171122994653
750 14.562082777036048
751 14.56
752 14.575233022636485
753 14.57313829787234
754 14.571049136786188
755 14.568965517241379
756 14.566887417218544
757 14.564814814814815
758 14.562747688243064
759 14.560686015831134
760 14.55862977602108
761 14.55657894736842
762 14.554533508541393
763 14.55249343832021
764 14.55045871559633
765 14.548429319371728
766 14.54640522875817
767 14.544386422976501
768 14.542372881355933
769 14.540364583333334
770 14.538361508452535
771 14.536363636363637
772 14.534370946822309
773 14.549222797927461
774 14.564036222509703
775 14.578811369509044
776 14.593548387096774
777 14.591494845360824
778 14.58944658944659
779 14.604113110539846
780 14.602053915275995
781 14.6
782 14.597951344430218
783 14.595907928388748
784 14.593869731800766
785 14.591836734693878
786 14.589808917197452
787 14.587786259541986
788 14.58576874205845
789 14.583756345177665
790 14.581749049429657
791 14.579746835443038
792 14.577749683944374
793 14.575757575757576
794 14.573770491803279
795 14.571788413098236
796 14.569811320754717
797 14.5678391959799
798 14.565872020075282
799 14.563909774436091
800 14.561952440550689
801 14.56
802 14.558052434456929
803 14.556109725685786
804 14.55417185554172
805 14.552238805970148
806 14.566459627329193
807 14.580645161290322
808 14.594795539033457
809 14.608910891089108
810 14.622991347342397
811 14.620987654320988
812 14.618988902589395
813 14.616995073891626
814 14.6150061500615
815 14.613022113022113
816 14.611042944785275
817 14.60906862745098
818 14.607099143206854
819 14.60513447432763
820 14.603174603174603
821 14.601219512195122
822 14.599269183922047
823 14.597323600973237
824 14.595382746051033
825 14.609223300970873
826 14.607272727272727
827 14.605326876513317
828 14.603385731559856
829 14.601449275362318
830 14.599517490952955
831 14.597590361445784
832 14.5956678700361
833 14.59375
834 14.591836734693878
835 14.589928057553957
836 14.588023952095808
837 14.586124401913876
838 14.599761051373955
839 14.597852028639618
840 14.611442193087008
841 14.60952380952381
842 14.607609988109393
843 14.605700712589073
844 14.60379596678529
845 14.601895734597157
846 14.6
847 14.598108747044916
848 14.596221959858324
849 14.59433962264151
850 14.592461719670201
851 14.590588235294117
852 14.588719153936545
853 14.586854460093896
854 14.584994138335286
855 14.583138173302109
856 14.581286549707603
857 14.57943925233645
858 14.57759626604434
859 14.575757575757576
860 14.58905704307334
861 14.587209302325581
862 14.585365853658537
863 14.58352668213457
864 14.581691772885284
865 14.57986111111111
866 14.578034682080926
867 14.57621247113164
868 14.57439446366782
869 14.57258064516129
870 14.570771001150748
871 14.568965517241379
872 14.567164179104477
873 14.565366972477063
874 14.563573883161512
875 14.561784897025172
876 14.56
877 14.558219178082192
878 14.556442417331812
879 14.554669703872438
880 14.552901023890785
881 14.551136363636363
882 14.549375709421112
883 14.547619047619047
884 14.545866364665912
885 14.544117647058824
886 14.542372881355933
887 14.540632054176072
888 14.538895152198421
889 14.537162162162161
890 14.550056242969628
891 14.548314606741574
892 14.561167227833895
893 14.559417040358744
894 14.557670772676373
895 14.570469798657719
896 14.583240223463687
897 14.581473214285714
898 14.579710144927537
899 14.577951002227172
900 14.576195773081201
901 14.574444444444444
902 14.572697003329633
903 14.570953436807095
904 14.56921373200443
905 14.567477876106194
906 14.56574585635359
907 14.56401766004415
908 14.562293274531422
909 14.560572687224669
910 14.558855885588558
911 14.557142857142857
912 14.55543358946213
913 14.553728070175438
914 14.552026286966045
915 14.550328227571116
916 14.548633879781422
917 14.546943231441048
918 14.559432933478735
919 14.557734204793029
920 14.556039173014145
921 14.554347826086957
922 14.552660152008686
923 14.550976138828634
924 14.549295774647888
925 14.547619047619047
926 14.56
927 14.572354211663066
928 14.584681769147789
929 14.582974137931034
930 14.581270182992466
931 14.579569892473119
932 14.591836734693878
933 14.590128755364807
934 14.588424437299036
935 14.586723768736617
936 14.585026737967915
937 14.583333333333334
938 14.581643543223052
939 14.57995735607676
940 14.578274760383387
941 14.576595744680851
942 14.574920297555792
943 14.573248407643312
944 14.571580063626723
945 14.569915254237289
946 14.568253968253968
947 14.566596194503171
948 14.5649419218585
949 14.563291139240507
950 14.561643835616438
951 14.56
952 14.558359621451103
953 14.556722689075631
954 14.555089192025184
955 14.553459119496855
956 14.551832460732983
957 14.55020920502092
958 14.54858934169279
959 14.54697286012526
960 14.545359749739312
961 14.54375
962 14.55567117585848
963 14.554054054054054
964 14.552440290758048
965 14.550829875518673
966 14.549222797927461
967 14.547619047619047
968 14.546018614270942
969 14.544421487603305
970 14.5562435500516
971 14.554639175257732
972 14.553038105046344
973 14.551440329218106
974 14.549845837615623
975 14.548254620123203
976 14.546666666666667
977 14.545081967213115
978 14.543500511770727
979 14.541922290388548
980 14.540347293156282
981 14.538775510204081
982 14.537206931702345
983 14.535641547861507
984 14.534079348931842
985 14.532520325203253
986 14.544162436548223
987 14.54259634888438
988 14.541033434650457
989 14.539473684210526
990 14.537917087967644
991 14.536363636363637
992 14.53481331987891
993 14.533266129032258
994 14.544813695871097
995 14.543259557344065
996 14.541708542713568
997 14.553212851405622
998 14.551654964894684
999 14.550100200400802