c=0
Trick 1 0
Trick 2 0
Trick 3 0
Trick 4 0
Trick 5 0
Trick 6 1
Trick 7 1
Trick 8 0
Trick 9 1
Trick 10 0
Trick 11 0
Trick 12 0
c=0.5
Trick 1 0
Trick 2 1
Trick 3 0
Trick 4 0
Trick 5 397
Trick 6 0
Trick 7 0
Trick 8 0
Trick 9 1
Trick 10 25
Trick 11 0
Trick 12 0
c=1
Trick 1 0
Trick 2 752
Trick 3 887
Trick 4 493
Trick 5 891
Trick 6 6
Trick 7 689
Trick 8 0
Trick 9 0
Trick 10 0
Trick 11 0
Trick 12 0
c=1.414
Trick 1 0
Trick 2 0
Trick 3 1
Trick 4 0
Trick 5 1
Trick 6 0
Trick 7 0
Trick 8 77
Trick 9 19
Trick 10 1
Trick 11 0
Trick 12 0
c=2.0
Trick 1 11
Trick 2 780
Trick 3 781
Trick 4 401
Trick 5 784
Trick 6 2
Trick 7 1
Trick 8 1
Trick 9 0
Trick 10 0
Trick 11 0
Trick 12 0
