Number of Iterations: 10000
Max Depth: 2147483647
--------------------------------------------
Number of Iterations: 10000
Max Depth: 2147483647
--------------------------------------------
Number of Iterations: 10000
Max Depth: 2147483647
--------------------------------------------
Number of Iterations: 10000
Max Depth: 2147483647
--------------------------------------------
Number of Iterations: 10000
Max Depth: 2147483647
--------------------------------------------
Number of Iterations: 10000
Max Depth: 2147483647
--------------------------------------------
Number of Iterations: 10000
Max Depth: 2147483647
--------------------------------------------
Number of Iterations: 10000
Max Depth: 2147483647
--------------------------------------------
Number of Iterations: 10000
Max Depth: 2147483647
--------------------------------------------
Number of Iterations: 10000
Max Depth: 2147483647
--------------------------------------------
HighLowPlayer: 1.96
UCTPlayer_HighLowPlayer: 11.04

HighLowPlayer: 3.43
UCTPlayer_HighLowPlayer: 9.57

HighLowPlayer: 4.39
UCTPlayer_HighLowPlayer: 8.61

HighLowPlayer: 5.57
UCTPlayer_HighLowPlayer: 7.43

HighLowPlayer: 4.96
UCTPlayer_HighLowPlayer: 11.75

HighLowPlayer: 5.04
UCTPlayer_HighLowPlayer: 7.96

HighLowPlayer: 3.89
UCTPlayer_HighLowPlayer: 9.11

HighLowPlayer: 7.36
UCTPlayer_HighLowPlayer: 7.50

HighLowPlayer: 7.89
UCTPlayer_HighLowPlayer: 10.68

HighLowPlayer: 4.71
UCTPlayer_HighLowPlayer: 8.29

RandomPlayer: 6.04
UCTPlayer_RandomPlayer: 8.82

RandomPlayer: 5.75
UCTPlayer_RandomPlayer: 7.25

RandomPlayer: 6.79
UCTPlayer_RandomPlayer: 6.21

RandomPlayer: 4.86
UCTPlayer_RandomPlayer: 8.14

RandomPlayer: 5.32
UCTPlayer_RandomPlayer: 7.68

RandomPlayer: 6.64
UCTPlayer_RandomPlayer: 8.21

RandomPlayer: 4.86
UCTPlayer_RandomPlayer: 8.14

RandomPlayer: 5.71
UCTPlayer_RandomPlayer: 7.29

MCTSPlayer: 4.39
UCTPlayer_MCTSPlayer: 8.61

MCTSPlayer: 4.54
UCTPlayer_MCTSPlayer: 8.46

RandomPlayer: 4.14
UCTPlayer_RandomPlayer: 8.86

MCTSPlayer: 5.82
UCTPlayer_MCTSPlayer: 7.18

MCTSPlayer: 3.50
UCTPlayer_MCTSPlayer: 9.50

MCTSPlayer: 3.46
UCTPlayer_MCTSPlayer: 9.54

RandomPlayer: 4.82
UCTPlayer_RandomPlayer: 8.18

MCTSPlayer: 2.50
UCTPlayer_MCTSPlayer: 10.50

MCTSPlayer: 6.39
UCTPlayer_MCTSPlayer: 8.46

MCTSPlayer: 3.64
UCTPlayer_MCTSPlayer: 9.36

MCTSPlayer: 4.75
UCTPlayer_MCTSPlayer: 8.25

MCTSPlayer: 3.39
UCTPlayer_MCTSPlayer: 9.61

