Number of Iterations: 200
Max Depth: 2147483647
--------------------------------------------
Number of Iterations: 200
Max Depth: 2147483647
--------------------------------------------
Number of Iterations: 200
Max Depth: 2147483647
--------------------------------------------
Number of Iterations: 200
Max Depth: 2147483647
--------------------------------------------
Number of Iterations: 200
Max Depth: 2147483647
--------------------------------------------
Number of Iterations: 200
Max Depth: 2147483647
--------------------------------------------
Number of Iterations: 200
Max Depth: 2147483647
--------------------------------------------
Number of Iterations: 200
Max Depth: 2147483647
--------------------------------------------
Number of Iterations: 200
Max Depth: 2147483647
--------------------------------------------
Number of Iterations: 200
Max Depth: 2147483647
--------------------------------------------
UCTPlayer: 6.11
PerfectInfoUCTPlayer_UCTPlayer: 6.89

UCTPlayer: 8.93
PerfectInfoUCTPlayer_UCTPlayer: 7.79

UCTPlayer: 8.46
PerfectInfoUCTPlayer_UCTPlayer: 6.39

UCTPlayer: 7.00
PerfectInfoUCTPlayer_UCTPlayer: 6.00

UCTPlayer: 6.00
PerfectInfoUCTPlayer_UCTPlayer: 7.00

UCTPlayer: 6.57
PerfectInfoUCTPlayer_UCTPlayer: 6.43

UCTPlayer: 5.18
PerfectInfoUCTPlayer_UCTPlayer: 7.82

UCTPlayer: 5.93
PerfectInfoUCTPlayer_UCTPlayer: 7.07

UCTPlayer: 6.64
PerfectInfoUCTPlayer_UCTPlayer: 6.36

UCTPlayer: 6.96
PerfectInfoUCTPlayer_UCTPlayer: 6.04

